<?xml version="1.0" encoding="UTF-8"?>
<!-- Generated by org.testng.reporters.JUnitReportReporter -->
<testsuite skipped="0" hostname="PARVEEN_CHAHAL" name="tests.TDLogin" tests="3" failures="0" timestamp="2022-07-29T14:09:26 EDT" time="33.680" errors="0">
  <testcase name="login" time="12.376" classname="tests.TDLogin"/>
  <system-out/>
  <testcase name="loginWithEmptyPass" time="10.761" classname="tests.TDLogin"/>
  <system-out/>
  <testcase name="loginWithEmptyEmail" time="10.543" classname="tests.TDLogin"/>
  <system-out/>
</testsuite> <!-- tests.TDLogin -->
